
--
/Users/krink/Documents/scrawl.not1/config.pyc
b'03f30d'
unknown/file
--
text/plain
/Users/krink/Documents/scrawl.not1/uelog.py.5
b'0a6672'
unknown/file
--
/Users/krink/Documents/scrawl.not1/scrawl-v3.0.txt
b'0a2367'
unknown/file
--
/Users/krink/Documents/scrawl.not1/scrawld.service
b'236669'
unknown/file
--
/Users/krink/Documents/scrawl.not1/uelog.py
b'0a6672'
unknown/file
--
/Users/krink/Documents/scrawl.not1/uelog.pyc
b'03f30d'
unknown/file
--
/Users/krink/Documents/scrawl.not1/README.md
b'0a7363'
unknown/file
--
/Users/krink/Documents/scrawl.not1/uelog.py.v6
b'0a6672'
unknown/file
--
text/plain
/Users/krink/Documents/scrawl.not1/uelog.py.v1
b'0a696d'
unknown/file
--
/Users/krink/Documents/scrawl.not1/v4/t/mylogfile.txt
b'323031'
unknown/file
--
/Users/krink/Documents/scrawl.not1/v4/t/l1.py
b'0a696d'
unknown/file
--
/Users/krink/Documents/scrawl.not1/v4/t/make_mem_logger.py
b'0a696d'
unknown/file
--
text/plain
/Users/krink/Documents/scrawl.not1/.git/ORIG_HEAD
b'383862'
unknown/file
--
/Users/krink/Documents/scrawl.not1/.git/config
b'5b636f'
unknown/file
--
/Users/krink/Documents/scrawl.not1/.git/objects/92/b38a5b0f1b445e99f59b6547428d78b5d9ae3c
b'78018d'
unknown/file
--
/Users/krink/Documents/scrawl.not1/.git/objects/04/e8eeaa9555cfad76a7f6ad9c215c5e93a6e77d
b'78016d'
unknown/file
--
/Users/krink/Documents/scrawl.not1/.git/objects/69/76b1001d69cf08503f455131c72959e2f18164
b'78018d'
unknown/file
--
/Users/krink/Documents/scrawl.not1/.git/objects/3d/d1e95c8703a975e2d35142302cca7f317c4ff5
b'7801ed'
unknown/file
--
/Users/krink/Documents/scrawl.not1/.git/objects/b5/a7bd18c03ba8e68d0853ef30842049e78a72e6
b'780185'
unknown/file
--
/Users/krink/Documents/scrawl.not1/.git/objects/da/330d34fffcb0e4e7fb2e9e894e84d6222e704c
b'780175'
unknown/file
--
/Users/krink/Documents/scrawl.not1/.git/objects/da/ae560fec7a87a8d0bd81b0da599b3a76b84b20
b'78012b'
unknown/file
--
/Users/krink/Documents/scrawl.not1/.git/objects/d6/b8b47f2523de8c21f8647916fd04166763b674
b'78014b'
unknown/file
--
/Users/krink/Documents/scrawl.not1/.git/objects/f4/f6f178aa3ea3c6a86e59219ddc06ea3e64d59e
b'780195'
unknown/file
--
/Users/krink/Documents/scrawl.not1/.git/objects/pack/pack-332fd5bc34d0d888405214efa63a09ea358e90ce.pack
b'504143'
unknown/file
--
/Users/krink/Documents/scrawl.not1/.git/objects/pack/pack-332fd5bc34d0d888405214efa63a09ea358e90ce.idx
b'ff744f'
unknown/file
--
/Users/krink/Documents/scrawl.not1/.git/objects/11/cc715ad874b93bdd2dc1c6243cb4dc853c3121
b'78019d'
unknown/file
--
/Users/krink/Documents/scrawl.not1/.git/objects/1a/01448d53109f852e31d67ace100c4055d23bb6
b'780175'
unknown/file
--



